<?xml version="1.0" encoding="UTF-8"?>
<!-- Generated by org.testng.reporters.JUnitXMLReporter -->
<testsuite ignored="0" hostname="Husky" failures="0" tests="33" name="RestAssuredAutomationFramework" time="17.973" errors="0" timestamp="23 Oct. 2024 18:39:49 GMT">
  <testcase classname="userModuleTestCases.Create_Delete_Users_DataDrivenTest" name="createUserdata" time="2.105"/>
  <testcase classname="userModuleTestCases.Create_Delete_Users_DataDrivenTest" name="createUserdata" time="0.44"/>
  <testcase classname="userModuleTestCases.Create_Delete_Users_DataDrivenTest" name="createUserdata" time="0.462"/>
  <testcase classname="userModuleTestCases.Create_Delete_Users_DataDrivenTest" name="createUserdata" time="0.507"/>
  <testcase classname="userModuleTestCases.Create_Delete_Users_DataDrivenTest" name="createUserdata" time="0.486"/>
  <testcase classname="userModuleTestCases.Create_Delete_Users_DataDrivenTest" name="createUserdata" time="0.486"/>
  <testcase classname="userModuleTestCases.Create_Delete_Users_DataDrivenTest" name="createUserdata" time="0.498"/>
  <testcase classname="userModuleTestCases.Create_Delete_Users_DataDrivenTest" name="createUserdata" time="0.485"/>
  <testcase classname="userModuleTestCases.Create_Delete_Users_DataDrivenTest" name="createUserdata" time="0.459"/>
  <testcase classname="userModuleTestCases.Create_Delete_Users_DataDrivenTest" name="createUserdata" time="0.476"/>
  <testcase classname="userModuleTestCases.Create_Delete_Users_DataDrivenTest" name="createUserdata" time="0.486"/>
  <testcase classname="userModuleTestCases.Create_Delete_Users_DataDrivenTest" name="getUserNames" time="0.533"/>
  <testcase classname="userModuleTestCases.Create_Delete_Users_DataDrivenTest" name="getUserNames" time="0.514"/>
  <testcase classname="userModuleTestCases.Create_Delete_Users_DataDrivenTest" name="getUserNames" time="0.417"/>
  <testcase classname="userModuleTestCases.Create_Delete_Users_DataDrivenTest" name="getUserNames" time="0.431"/>
  <testcase classname="userModuleTestCases.Create_Delete_Users_DataDrivenTest" name="getUserNames" time="0.544"/>
  <testcase classname="userModuleTestCases.Create_Delete_Users_DataDrivenTest" name="getUserNames" time="0.466"/>
  <testcase classname="userModuleTestCases.Create_Delete_Users_DataDrivenTest" name="getUserNames" time="0.479"/>
  <testcase classname="userModuleTestCases.Create_Delete_Users_DataDrivenTest" name="getUserNames" time="0.447"/>
  <testcase classname="userModuleTestCases.Create_Delete_Users_DataDrivenTest" name="getUserNames" time="0.479"/>
  <testcase classname="userModuleTestCases.Create_Delete_Users_DataDrivenTest" name="getUserNames" time="0.481"/>
  <testcase classname="userModuleTestCases.Create_Delete_Users_DataDrivenTest" name="getUserNames" time="0.476"/>
  <testcase classname="userModuleTestCases.Create_Delete_Users_DataDrivenTest" name="deleteUsers" time="0.439"/>
  <testcase classname="userModuleTestCases.Create_Delete_Users_DataDrivenTest" name="deleteUsers" time="0.473"/>
  <testcase classname="userModuleTestCases.Create_Delete_Users_DataDrivenTest" name="deleteUsers" time="0.419"/>
  <testcase classname="userModuleTestCases.Create_Delete_Users_DataDrivenTest" name="deleteUsers" time="0.453"/>
  <testcase classname="userModuleTestCases.Create_Delete_Users_DataDrivenTest" name="deleteUsers" time="0.495"/>
  <testcase classname="userModuleTestCases.Create_Delete_Users_DataDrivenTest" name="deleteUsers" time="0.453"/>
  <testcase classname="userModuleTestCases.Create_Delete_Users_DataDrivenTest" name="deleteUsers" time="0.452"/>
  <testcase classname="userModuleTestCases.Create_Delete_Users_DataDrivenTest" name="deleteUsers" time="0.461"/>
  <testcase classname="userModuleTestCases.Create_Delete_Users_DataDrivenTest" name="deleteUsers" time="0.446"/>
  <testcase classname="userModuleTestCases.Create_Delete_Users_DataDrivenTest" name="deleteUsers" time="0.412"/>
  <testcase classname="userModuleTestCases.Create_Delete_Users_DataDrivenTest" name="deleteUsers" time="0.456"/>
</testsuite> <!-- RestAssuredAutomationFramework -->
