<?xml version="1.0" encoding="UTF-8"?>
<testsuite xmlns:xsi="http://www.w3.org/2001/XMLSchema-instance" xsi:noNamespaceSchemaLocation="https://maven.apache.org/surefire/maven-surefire-plugin/xsd/surefire-test-report-3.0.xsd" version="3.0" name="TestSuite" time="28.966" tests="33" errors="0" skipped="0" failures="0">
  <properties>
[...]
</properties>
  <testcase name="createUserdata[201.0, john123, john, Sharma, john@Testing.com, 123456.0, 2.598985898E9](1)" classname="userModuleTestCases.CreateUser_DataDrivenTesting" time="3.773">
    <system-out><![CDATA[Rows: 12
Columns: 7
201
HTTP/1.1 200 OK
Date: Thu, 17 Oct 2024 22:48:49 GMT
Content-Type: application/json
Transfer-Encoding: chunked
Connection: keep-alive
Access-Control-Allow-Origin: *
Access-Control-Allow-Methods: GET, POST, DELETE, PUT
Access-Control-Allow-Headers: Content-Type, api_key, Authorization
Server: Jetty(9.2.9.v20150224)

{
    "code": 200,
    "type": "unknown",
    "message": "201"
}
io.restassured.internal.RestAssuredResponseImpl@30922f8d
]]></system-out>
    <system-err><![CDATA[ERROR StatusLogger Log4j2 could not find a logging implementation. Please add log4j-core to the classpath. Using SimpleLogger to log to the console...
]]></system-err>
  </testcase>
  <testcase name="createUserdata[202.0, Alice123, Alice, Mahajan, Alice@Testing.com, 123456.0, 2.561458978E9](2)" classname="userModuleTestCases.CreateUser_DataDrivenTesting" time="0.6">
    <system-out><![CDATA[202
HTTP/1.1 200 OK
Date: Thu, 17 Oct 2024 22:48:50 GMT
Content-Type: application/json
Transfer-Encoding: chunked
Connection: keep-alive
Access-Control-Allow-Origin: *
Access-Control-Allow-Methods: GET, POST, DELETE, PUT
Access-Control-Allow-Headers: Content-Type, api_key, Authorization
Server: Jetty(9.2.9.v20150224)

{
    "code": 200,
    "type": "unknown",
    "message": "202"
}
io.restassured.internal.RestAssuredResponseImpl@764a3e5d
]]></system-out>
  </testcase>
  <testcase name="createUserdata[203.0, Nikhil123, Nikhil, Malik, Nikhil@Testing.com, 123456.0, 2.591235698E9](3)" classname="userModuleTestCases.CreateUser_DataDrivenTesting" time="0.441">
    <system-out><![CDATA[203
HTTP/1.1 200 OK
Date: Thu, 17 Oct 2024 22:48:50 GMT
Content-Type: application/json
Transfer-Encoding: chunked
Connection: keep-alive
Access-Control-Allow-Origin: *
Access-Control-Allow-Methods: GET, POST, DELETE, PUT
Access-Control-Allow-Headers: Content-Type, api_key, Authorization
Server: Jetty(9.2.9.v20150224)

{
    "code": 200,
    "type": "unknown",
    "message": "203"
}
io.restassured.internal.RestAssuredResponseImpl@3c81cd82
]]></system-out>
  </testcase>
  <testcase name="createUserdata[204.0, Karan123, Karan, Ahuja, Karan@Testing.com, 123456.0, 2.598987458E9](4)" classname="userModuleTestCases.CreateUser_DataDrivenTesting" time="0.44">
    <system-out><![CDATA[204
HTTP/1.1 200 OK
Date: Thu, 17 Oct 2024 22:48:50 GMT
Content-Type: application/json
Transfer-Encoding: chunked
Connection: keep-alive
Access-Control-Allow-Origin: *
Access-Control-Allow-Methods: GET, POST, DELETE, PUT
Access-Control-Allow-Headers: Content-Type, api_key, Authorization
Server: Jetty(9.2.9.v20150224)

{
    "code": 200,
    "type": "unknown",
    "message": "204"
}
io.restassured.internal.RestAssuredResponseImpl@1cd2143b
]]></system-out>
  </testcase>
  <testcase name="createUserdata[205.0, Sanjeev123, Sanjeev, Sanjeev, Sanjeev@Testing.com, 123456.0, 2.361459874E9](5)" classname="userModuleTestCases.CreateUser_DataDrivenTesting" time="0.418">
    <system-out><![CDATA[205
HTTP/1.1 200 OK
Date: Thu, 17 Oct 2024 22:48:51 GMT
Content-Type: application/json
Transfer-Encoding: chunked
Connection: keep-alive
Access-Control-Allow-Origin: *
Access-Control-Allow-Methods: GET, POST, DELETE, PUT
Access-Control-Allow-Headers: Content-Type, api_key, Authorization
Server: Jetty(9.2.9.v20150224)

{
    "code": 200,
    "type": "unknown",
    "message": "205"
}
io.restassured.internal.RestAssuredResponseImpl@34c7232c
]]></system-out>
  </testcase>
  <testcase name="createUserdata[206.0, Sanju124, Sanju, Goel, Goel@Testing.com, 123456.0, 2.565654589E9](6)" classname="userModuleTestCases.CreateUser_DataDrivenTesting" time="0.464">
    <system-out><![CDATA[206
HTTP/1.1 200 OK
Date: Thu, 17 Oct 2024 22:48:51 GMT
Content-Type: application/json
Transfer-Encoding: chunked
Connection: keep-alive
Access-Control-Allow-Origin: *
Access-Control-Allow-Methods: GET, POST, DELETE, PUT
Access-Control-Allow-Headers: Content-Type, api_key, Authorization
Server: Jetty(9.2.9.v20150224)

{
    "code": 200,
    "type": "unknown",
    "message": "206"
}
io.restassured.internal.RestAssuredResponseImpl@6ac45c0c
]]></system-out>
  </testcase>
  <testcase name="createUserdata[207.0, Sumit124, Sumit, Chug, Chug@Testing.com, 123456.0, 2.564571236E9](7)" classname="userModuleTestCases.CreateUser_DataDrivenTesting" time="0.468">
    <system-out><![CDATA[207
HTTP/1.1 200 OK
Date: Thu, 17 Oct 2024 22:48:52 GMT
Content-Type: application/json
Transfer-Encoding: chunked
Connection: keep-alive
Access-Control-Allow-Origin: *
Access-Control-Allow-Methods: GET, POST, DELETE, PUT
Access-Control-Allow-Headers: Content-Type, api_key, Authorization
Server: Jetty(9.2.9.v20150224)

{
    "code": 200,
    "type": "unknown",
    "message": "207"
}
io.restassured.internal.RestAssuredResponseImpl@656842bc
]]></system-out>
  </testcase>
  <testcase name="createUserdata[208.0, Upasana125, Upasana, Chopra, Chopra@Testing.com, 123456.0, 1.234567895E9](8)" classname="userModuleTestCases.CreateUser_DataDrivenTesting" time="0.49">
    <system-out><![CDATA[208
HTTP/1.1 200 OK
Date: Thu, 17 Oct 2024 22:48:52 GMT
Content-Type: application/json
Transfer-Encoding: chunked
Connection: keep-alive
Access-Control-Allow-Origin: *
Access-Control-Allow-Methods: GET, POST, DELETE, PUT
Access-Control-Allow-Headers: Content-Type, api_key, Authorization
Server: Jetty(9.2.9.v20150224)

{
    "code": 200,
    "type": "unknown",
    "message": "208"
}
io.restassured.internal.RestAssuredResponseImpl@6fbf5db2
]]></system-out>
  </testcase>
  <testcase name="createUserdata[209.0, Vishal125, Vishal, Malik, Malik@Testing.com, 123456.0, 3.216549874E9](9)" classname="userModuleTestCases.CreateUser_DataDrivenTesting" time="0.477">
    <system-out><![CDATA[209
HTTP/1.1 200 OK
Date: Thu, 17 Oct 2024 22:48:53 GMT
Content-Type: application/json
Transfer-Encoding: chunked
Connection: keep-alive
Access-Control-Allow-Origin: *
Access-Control-Allow-Methods: GET, POST, DELETE, PUT
Access-Control-Allow-Headers: Content-Type, api_key, Authorization
Server: Jetty(9.2.9.v20150224)

{
    "code": 200,
    "type": "unknown",
    "message": "209"
}
io.restassured.internal.RestAssuredResponseImpl@58a7dc4
]]></system-out>
  </testcase>
  <testcase name="createUserdata[210.0, Surinder26, Surinder, Bhatnagar, Bhatnagar@Testing.com, 123456.0, 1.593577412E9](10)" classname="userModuleTestCases.CreateUser_DataDrivenTesting" time="0.461">
    <system-out><![CDATA[210
HTTP/1.1 200 OK
Date: Thu, 17 Oct 2024 22:48:53 GMT
Content-Type: application/json
Transfer-Encoding: chunked
Connection: keep-alive
Access-Control-Allow-Origin: *
Access-Control-Allow-Methods: GET, POST, DELETE, PUT
Access-Control-Allow-Headers: Content-Type, api_key, Authorization
Server: Jetty(9.2.9.v20150224)

{
    "code": 200,
    "type": "unknown",
    "message": "210"
}
io.restassured.internal.RestAssuredResponseImpl@154b8cb6
]]></system-out>
  </testcase>
  <testcase name="createUserdata[211.0, Pranoy126, Pranoy, Ganguli, Ganguli@Testing.com, 123456.0, 3.693587531E9](11)" classname="userModuleTestCases.CreateUser_DataDrivenTesting" time="0.464">
    <system-out><![CDATA[211
HTTP/1.1 200 OK
Date: Thu, 17 Oct 2024 22:48:54 GMT
Content-Type: application/json
Transfer-Encoding: chunked
Connection: keep-alive
Access-Control-Allow-Origin: *
Access-Control-Allow-Methods: GET, POST, DELETE, PUT
Access-Control-Allow-Headers: Content-Type, api_key, Authorization
Server: Jetty(9.2.9.v20150224)

{
    "code": 200,
    "type": "unknown",
    "message": "211"
}
io.restassured.internal.RestAssuredResponseImpl@4d81e83a
]]></system-out>
  </testcase>
  <testcase name="getUserNames[john123](1)" classname="userModuleTestCases.CreateUser_DataDrivenTesting" time="0.465">
    <system-out><![CDATA[Rows: 12
{
    "id": 201,
    "username": "john123",
    "firstName": "john",
    "lastName": "Sharma",
    "email": "john@Testing.com",
    "password": "123456.0",
    "phone": "2.598985898E9",
    "userStatus": 0
}
]]></system-out>
  </testcase>
  <testcase name="getUserNames[Alice123](2)" classname="userModuleTestCases.CreateUser_DataDrivenTesting" time="0.456">
    <system-out><![CDATA[{
    "id": 202,
    "username": "Alice123",
    "firstName": "Alice",
    "lastName": "Mahajan",
    "email": "Alice@Testing.com",
    "password": "123456.0",
    "phone": "2.561458978E9",
    "userStatus": 0
}
]]></system-out>
  </testcase>
  <testcase name="getUserNames[Nikhil123](3)" classname="userModuleTestCases.CreateUser_DataDrivenTesting" time="0.44">
    <system-out><![CDATA[{
    "id": 203,
    "username": "Nikhil123",
    "firstName": "Nikhil",
    "lastName": "Malik",
    "email": "Nikhil@Testing.com",
    "password": "123456.0",
    "phone": "2.591235698E9",
    "userStatus": 0
}
]]></system-out>
  </testcase>
  <testcase name="getUserNames[Karan123](4)" classname="userModuleTestCases.CreateUser_DataDrivenTesting" time="0.408">
    <system-out><![CDATA[{
    "id": 204,
    "username": "Karan123",
    "firstName": "Karan",
    "lastName": "Ahuja",
    "email": "Karan@Testing.com",
    "password": "123456.0",
    "phone": "2.598987458E9",
    "userStatus": 0
}
]]></system-out>
  </testcase>
  <testcase name="getUserNames[Sanjeev123](5)" classname="userModuleTestCases.CreateUser_DataDrivenTesting" time="0.416">
    <system-out><![CDATA[{
    "id": 205,
    "username": "Sanjeev123",
    "firstName": "Sanjeev",
    "lastName": "Sanjeev",
    "email": "Sanjeev@Testing.com",
    "password": "123456.0",
    "phone": "2.361459874E9",
    "userStatus": 0
}
]]></system-out>
  </testcase>
  <testcase name="getUserNames[Sanju124](6)" classname="userModuleTestCases.CreateUser_DataDrivenTesting" time="0.412">
    <system-out><![CDATA[{
    "id": 206,
    "username": "Sanju124",
    "firstName": "Sanju",
    "lastName": "Goel",
    "email": "Goel@Testing.com",
    "password": "123456.0",
    "phone": "2.565654589E9",
    "userStatus": 0
}
]]></system-out>
  </testcase>
  <testcase name="getUserNames[Sumit124](7)" classname="userModuleTestCases.CreateUser_DataDrivenTesting" time="0.436">
    <system-out><![CDATA[{
    "id": 207,
    "username": "Sumit124",
    "firstName": "Sumit",
    "lastName": "Chug",
    "email": "Chug@Testing.com",
    "password": "123456.0",
    "phone": "2.564571236E9",
    "userStatus": 0
}
]]></system-out>
  </testcase>
  <testcase name="getUserNames[Upasana125](8)" classname="userModuleTestCases.CreateUser_DataDrivenTesting" time="0.445">
    <system-out><![CDATA[{
    "id": 208,
    "username": "Upasana125",
    "firstName": "Upasana",
    "lastName": "Chopra",
    "email": "Chopra@Testing.com",
    "password": "123456.0",
    "phone": "1.234567895E9",
    "userStatus": 0
}
]]></system-out>
  </testcase>
  <testcase name="getUserNames[Vishal125](9)" classname="userModuleTestCases.CreateUser_DataDrivenTesting" time="0.434">
    <system-out><![CDATA[{
    "id": 209,
    "username": "Vishal125",
    "firstName": "Vishal",
    "lastName": "Malik",
    "email": "Malik@Testing.com",
    "password": "123456.0",
    "phone": "3.216549874E9",
    "userStatus": 0
}
]]></system-out>
  </testcase>
  <testcase name="getUserNames[Surinder26](10)" classname="userModuleTestCases.CreateUser_DataDrivenTesting" time="0.424">
    <system-out><![CDATA[{
    "id": 210,
    "username": "Surinder26",
    "firstName": "Surinder",
    "lastName": "Bhatnagar",
    "email": "Bhatnagar@Testing.com",
    "password": "123456.0",
    "phone": "1.593577412E9",
    "userStatus": 0
}
]]></system-out>
  </testcase>
  <testcase name="getUserNames[Pranoy126](11)" classname="userModuleTestCases.CreateUser_DataDrivenTesting" time="0.402">
    <system-out><![CDATA[{
    "id": 211,
    "username": "Pranoy126",
    "firstName": "Pranoy",
    "lastName": "Ganguli",
    "email": "Ganguli@Testing.com",
    "password": "123456.0",
    "phone": "3.693587531E9",
    "userStatus": 0
}
]]></system-out>
  </testcase>
  <testcase name="deleteUsers[john123](1)" classname="userModuleTestCases.CreateUser_DataDrivenTesting" time="0.414">
    <system-out><![CDATA[Rows: 12
]]></system-out>
  </testcase>
  <testcase name="deleteUsers[Alice123](2)" classname="userModuleTestCases.CreateUser_DataDrivenTesting" time="0.438"/>
  <testcase name="deleteUsers[Nikhil123](3)" classname="userModuleTestCases.CreateUser_DataDrivenTesting" time="0.462"/>
  <testcase name="deleteUsers[Karan123](4)" classname="userModuleTestCases.CreateUser_DataDrivenTesting" time="7.855"/>
  <testcase name="deleteUsers[Sanjeev123](5)" classname="userModuleTestCases.CreateUser_DataDrivenTesting" time="0.955"/>
  <testcase name="deleteUsers[Sanju124](6)" classname="userModuleTestCases.CreateUser_DataDrivenTesting" time="0.435"/>
  <testcase name="deleteUsers[Sumit124](7)" classname="userModuleTestCases.CreateUser_DataDrivenTesting" time="0.483"/>
  <testcase name="deleteUsers[Upasana125](8)" classname="userModuleTestCases.CreateUser_DataDrivenTesting" time="0.415"/>
  <testcase name="deleteUsers[Vishal125](9)" classname="userModuleTestCases.CreateUser_DataDrivenTesting" time="0.44"/>
  <testcase name="deleteUsers[Surinder26](10)" classname="userModuleTestCases.CreateUser_DataDrivenTesting" time="0.413"/>
  <testcase name="deleteUsers[Pranoy126](11)" classname="userModuleTestCases.CreateUser_DataDrivenTesting" time="0.436"/>
</testsuite>