<?xml version="1.0" encoding="UTF-8"?>
<testng-results ignored="0" total="33" passed="33" failed="0" skipped="0">
  <reporter-output>
  </reporter-output>
  <suite started-at="2024-10-17T22:44:52Z" name="Default Suite" finished-at="2024-10-17T22:45:10Z" duration-ms="17611">
    <groups>
    </groups>
    <test started-at="2024-10-17T22:44:52Z" name="RestAssuredAutomationFramework" finished-at="2024-10-17T22:45:10Z" duration-ms="17611">
      <class name="userModuleTestCases.CreateUser_DataDrivenTesting">
        <test-method signature="createUserdata(java.lang.String, java.lang.String, java.lang.String, java.lang.String, java.lang.String, java.lang.String, java.lang.String)[pri:1, instance:userModuleTestCases.CreateUser_DataDrivenTesting@294425a7]" started-at="2024-10-17T22:44:53Z" name="createUserdata" data-provider="userData" finished-at="2024-10-17T22:44:56Z" duration-ms="2728" status="PASS">
          <params>
            <param index="0">
              <value>
                <![CDATA[201.0]]>
              </value>
            </param>
            <param index="1">
              <value>
                <![CDATA[john123]]>
              </value>
            </param>
            <param index="2">
              <value>
                <![CDATA[john]]>
              </value>
            </param>
            <param index="3">
              <value>
                <![CDATA[Sharma]]>
              </value>
            </param>
            <param index="4">
              <value>
                <![CDATA[john@Testing.com]]>
              </value>
            </param>
            <param index="5">
              <value>
                <![CDATA[123456.0]]>
              </value>
            </param>
            <param index="6">
              <value>
                <![CDATA[2.598985898E9]]>
              </value>
            </param>
          </params>
          <reporter-output>
          </reporter-output>
        </test-method> <!-- createUserdata -->
        <test-method signature="createUserdata(java.lang.String, java.lang.String, java.lang.String, java.lang.String, java.lang.String, java.lang.String, java.lang.String)[pri:1, instance:userModuleTestCases.CreateUser_DataDrivenTesting@294425a7]" started-at="2024-10-17T22:44:56Z" name="createUserdata" data-provider="userData" finished-at="2024-10-17T22:44:56Z" duration-ms="486" status="PASS">
          <params>
            <param index="0">
              <value>
                <![CDATA[202.0]]>
              </value>
            </param>
            <param index="1">
              <value>
                <![CDATA[Alice123]]>
              </value>
            </param>
            <param index="2">
              <value>
                <![CDATA[Alice]]>
              </value>
            </param>
            <param index="3">
              <value>
                <![CDATA[Mahajan]]>
              </value>
            </param>
            <param index="4">
              <value>
                <![CDATA[Alice@Testing.com]]>
              </value>
            </param>
            <param index="5">
              <value>
                <![CDATA[123456.0]]>
              </value>
            </param>
            <param index="6">
              <value>
                <![CDATA[2.561458978E9]]>
              </value>
            </param>
          </params>
          <reporter-output>
          </reporter-output>
        </test-method> <!-- createUserdata -->
        <test-method signature="createUserdata(java.lang.String, java.lang.String, java.lang.String, java.lang.String, java.lang.String, java.lang.String, java.lang.String)[pri:1, instance:userModuleTestCases.CreateUser_DataDrivenTesting@294425a7]" started-at="2024-10-17T22:44:56Z" name="createUserdata" data-provider="userData" finished-at="2024-10-17T22:44:57Z" duration-ms="467" status="PASS">
          <params>
            <param index="0">
              <value>
                <![CDATA[203.0]]>
              </value>
            </param>
            <param index="1">
              <value>
                <![CDATA[Nikhil123]]>
              </value>
            </param>
            <param index="2">
              <value>
                <![CDATA[Nikhil]]>
              </value>
            </param>
            <param index="3">
              <value>
                <![CDATA[Malik]]>
              </value>
            </param>
            <param index="4">
              <value>
                <![CDATA[Nikhil@Testing.com]]>
              </value>
            </param>
            <param index="5">
              <value>
                <![CDATA[123456.0]]>
              </value>
            </param>
            <param index="6">
              <value>
                <![CDATA[2.591235698E9]]>
              </value>
            </param>
          </params>
          <reporter-output>
          </reporter-output>
        </test-method> <!-- createUserdata -->
        <test-method signature="createUserdata(java.lang.String, java.lang.String, java.lang.String, java.lang.String, java.lang.String, java.lang.String, java.lang.String)[pri:1, instance:userModuleTestCases.CreateUser_DataDrivenTesting@294425a7]" started-at="2024-10-17T22:44:57Z" name="createUserdata" data-provider="userData" finished-at="2024-10-17T22:44:57Z" duration-ms="428" status="PASS">
          <params>
            <param index="0">
              <value>
                <![CDATA[204.0]]>
              </value>
            </param>
            <param index="1">
              <value>
                <![CDATA[Karan123]]>
              </value>
            </param>
            <param index="2">
              <value>
                <![CDATA[Karan]]>
              </value>
            </param>
            <param index="3">
              <value>
                <![CDATA[Ahuja]]>
              </value>
            </param>
            <param index="4">
              <value>
                <![CDATA[Karan@Testing.com]]>
              </value>
            </param>
            <param index="5">
              <value>
                <![CDATA[123456.0]]>
              </value>
            </param>
            <param index="6">
              <value>
                <![CDATA[2.598987458E9]]>
              </value>
            </param>
          </params>
          <reporter-output>
          </reporter-output>
        </test-method> <!-- createUserdata -->
        <test-method signature="createUserdata(java.lang.String, java.lang.String, java.lang.String, java.lang.String, java.lang.String, java.lang.String, java.lang.String)[pri:1, instance:userModuleTestCases.CreateUser_DataDrivenTesting@294425a7]" started-at="2024-10-17T22:44:57Z" name="createUserdata" data-provider="userData" finished-at="2024-10-17T22:44:57Z" duration-ms="405" status="PASS">
          <params>
            <param index="0">
              <value>
                <![CDATA[205.0]]>
              </value>
            </param>
            <param index="1">
              <value>
                <![CDATA[Sanjeev123]]>
              </value>
            </param>
            <param index="2">
              <value>
                <![CDATA[Sanjeev]]>
              </value>
            </param>
            <param index="3">
              <value>
                <![CDATA[Sanjeev]]>
              </value>
            </param>
            <param index="4">
              <value>
                <![CDATA[Sanjeev@Testing.com]]>
              </value>
            </param>
            <param index="5">
              <value>
                <![CDATA[123456.0]]>
              </value>
            </param>
            <param index="6">
              <value>
                <![CDATA[2.361459874E9]]>
              </value>
            </param>
          </params>
          <reporter-output>
          </reporter-output>
        </test-method> <!-- createUserdata -->
        <test-method signature="createUserdata(java.lang.String, java.lang.String, java.lang.String, java.lang.String, java.lang.String, java.lang.String, java.lang.String)[pri:1, instance:userModuleTestCases.CreateUser_DataDrivenTesting@294425a7]" started-at="2024-10-17T22:44:57Z" name="createUserdata" data-provider="userData" finished-at="2024-10-17T22:44:58Z" duration-ms="444" status="PASS">
          <params>
            <param index="0">
              <value>
                <![CDATA[206.0]]>
              </value>
            </param>
            <param index="1">
              <value>
                <![CDATA[Sanju124]]>
              </value>
            </param>
            <param index="2">
              <value>
                <![CDATA[Sanju]]>
              </value>
            </param>
            <param index="3">
              <value>
                <![CDATA[Goel]]>
              </value>
            </param>
            <param index="4">
              <value>
                <![CDATA[Goel@Testing.com]]>
              </value>
            </param>
            <param index="5">
              <value>
                <![CDATA[123456.0]]>
              </value>
            </param>
            <param index="6">
              <value>
                <![CDATA[2.565654589E9]]>
              </value>
            </param>
          </params>
          <reporter-output>
          </reporter-output>
        </test-method> <!-- createUserdata -->
        <test-method signature="createUserdata(java.lang.String, java.lang.String, java.lang.String, java.lang.String, java.lang.String, java.lang.String, java.lang.String)[pri:1, instance:userModuleTestCases.CreateUser_DataDrivenTesting@294425a7]" started-at="2024-10-17T22:44:58Z" name="createUserdata" data-provider="userData" finished-at="2024-10-17T22:44:58Z" duration-ms="449" status="PASS">
          <params>
            <param index="0">
              <value>
                <![CDATA[207.0]]>
              </value>
            </param>
            <param index="1">
              <value>
                <![CDATA[Sumit124]]>
              </value>
            </param>
            <param index="2">
              <value>
                <![CDATA[Sumit]]>
              </value>
            </param>
            <param index="3">
              <value>
                <![CDATA[Chug]]>
              </value>
            </param>
            <param index="4">
              <value>
                <![CDATA[Chug@Testing.com]]>
              </value>
            </param>
            <param index="5">
              <value>
                <![CDATA[123456.0]]>
              </value>
            </param>
            <param index="6">
              <value>
                <![CDATA[2.564571236E9]]>
              </value>
            </param>
          </params>
          <reporter-output>
          </reporter-output>
        </test-method> <!-- createUserdata -->
        <test-method signature="createUserdata(java.lang.String, java.lang.String, java.lang.String, java.lang.String, java.lang.String, java.lang.String, java.lang.String)[pri:1, instance:userModuleTestCases.CreateUser_DataDrivenTesting@294425a7]" started-at="2024-10-17T22:44:58Z" name="createUserdata" data-provider="userData" finished-at="2024-10-17T22:44:59Z" duration-ms="442" status="PASS">
          <params>
            <param index="0">
              <value>
                <![CDATA[208.0]]>
              </value>
            </param>
            <param index="1">
              <value>
                <![CDATA[Upasana125]]>
              </value>
            </param>
            <param index="2">
              <value>
                <![CDATA[Upasana]]>
              </value>
            </param>
            <param index="3">
              <value>
                <![CDATA[Chopra]]>
              </value>
            </param>
            <param index="4">
              <value>
                <![CDATA[Chopra@Testing.com]]>
              </value>
            </param>
            <param index="5">
              <value>
                <![CDATA[123456.0]]>
              </value>
            </param>
            <param index="6">
              <value>
                <![CDATA[1.234567895E9]]>
              </value>
            </param>
          </params>
          <reporter-output>
          </reporter-output>
        </test-method> <!-- createUserdata -->
        <test-method signature="createUserdata(java.lang.String, java.lang.String, java.lang.String, java.lang.String, java.lang.String, java.lang.String, java.lang.String)[pri:1, instance:userModuleTestCases.CreateUser_DataDrivenTesting@294425a7]" started-at="2024-10-17T22:44:59Z" name="createUserdata" data-provider="userData" finished-at="2024-10-17T22:44:59Z" duration-ms="414" status="PASS">
          <params>
            <param index="0">
              <value>
                <![CDATA[209.0]]>
              </value>
            </param>
            <param index="1">
              <value>
                <![CDATA[Vishal125]]>
              </value>
            </param>
            <param index="2">
              <value>
                <![CDATA[Vishal]]>
              </value>
            </param>
            <param index="3">
              <value>
                <![CDATA[Malik]]>
              </value>
            </param>
            <param index="4">
              <value>
                <![CDATA[Malik@Testing.com]]>
              </value>
            </param>
            <param index="5">
              <value>
                <![CDATA[123456.0]]>
              </value>
            </param>
            <param index="6">
              <value>
                <![CDATA[3.216549874E9]]>
              </value>
            </param>
          </params>
          <reporter-output>
          </reporter-output>
        </test-method> <!-- createUserdata -->
        <test-method signature="createUserdata(java.lang.String, java.lang.String, java.lang.String, java.lang.String, java.lang.String, java.lang.String, java.lang.String)[pri:1, instance:userModuleTestCases.CreateUser_DataDrivenTesting@294425a7]" started-at="2024-10-17T22:44:59Z" name="createUserdata" data-provider="userData" finished-at="2024-10-17T22:45:00Z" duration-ms="433" status="PASS">
          <params>
            <param index="0">
              <value>
                <![CDATA[210.0]]>
              </value>
            </param>
            <param index="1">
              <value>
                <![CDATA[Surinder26]]>
              </value>
            </param>
            <param index="2">
              <value>
                <![CDATA[Surinder]]>
              </value>
            </param>
            <param index="3">
              <value>
                <![CDATA[Bhatnagar]]>
              </value>
            </param>
            <param index="4">
              <value>
                <![CDATA[Bhatnagar@Testing.com]]>
              </value>
            </param>
            <param index="5">
              <value>
                <![CDATA[123456.0]]>
              </value>
            </param>
            <param index="6">
              <value>
                <![CDATA[1.593577412E9]]>
              </value>
            </param>
          </params>
          <reporter-output>
          </reporter-output>
        </test-method> <!-- createUserdata -->
        <test-method signature="createUserdata(java.lang.String, java.lang.String, java.lang.String, java.lang.String, java.lang.String, java.lang.String, java.lang.String)[pri:1, instance:userModuleTestCases.CreateUser_DataDrivenTesting@294425a7]" started-at="2024-10-17T22:45:00Z" name="createUserdata" data-provider="userData" finished-at="2024-10-17T22:45:00Z" duration-ms="410" status="PASS">
          <params>
            <param index="0">
              <value>
                <![CDATA[211.0]]>
              </value>
            </param>
            <param index="1">
              <value>
                <![CDATA[Pranoy126]]>
              </value>
            </param>
            <param index="2">
              <value>
                <![CDATA[Pranoy]]>
              </value>
            </param>
            <param index="3">
              <value>
                <![CDATA[Ganguli]]>
              </value>
            </param>
            <param index="4">
              <value>
                <![CDATA[Ganguli@Testing.com]]>
              </value>
            </param>
            <param index="5">
              <value>
                <![CDATA[123456.0]]>
              </value>
            </param>
            <param index="6">
              <value>
                <![CDATA[3.693587531E9]]>
              </value>
            </param>
          </params>
          <reporter-output>
          </reporter-output>
        </test-method> <!-- createUserdata -->
        <test-method signature="getUserNames(java.lang.String)[pri:2, instance:userModuleTestCases.CreateUser_DataDrivenTesting@294425a7]" started-at="2024-10-17T22:45:00Z" name="getUserNames" data-provider="userNames" finished-at="2024-10-17T22:45:01Z" duration-ms="419" status="PASS">
          <params>
            <param index="0">
              <value>
                <![CDATA[john123]]>
              </value>
            </param>
          </params>
          <reporter-output>
          </reporter-output>
        </test-method> <!-- getUserNames -->
        <test-method signature="getUserNames(java.lang.String)[pri:2, instance:userModuleTestCases.CreateUser_DataDrivenTesting@294425a7]" started-at="2024-10-17T22:45:01Z" name="getUserNames" data-provider="userNames" finished-at="2024-10-17T22:45:01Z" duration-ms="454" status="PASS">
          <params>
            <param index="0">
              <value>
                <![CDATA[Alice123]]>
              </value>
            </param>
          </params>
          <reporter-output>
          </reporter-output>
        </test-method> <!-- getUserNames -->
        <test-method signature="getUserNames(java.lang.String)[pri:2, instance:userModuleTestCases.CreateUser_DataDrivenTesting@294425a7]" started-at="2024-10-17T22:45:01Z" name="getUserNames" data-provider="userNames" finished-at="2024-10-17T22:45:01Z" duration-ms="447" status="PASS">
          <params>
            <param index="0">
              <value>
                <![CDATA[Nikhil123]]>
              </value>
            </param>
          </params>
          <reporter-output>
          </reporter-output>
        </test-method> <!-- getUserNames -->
        <test-method signature="getUserNames(java.lang.String)[pri:2, instance:userModuleTestCases.CreateUser_DataDrivenTesting@294425a7]" started-at="2024-10-17T22:45:01Z" name="getUserNames" data-provider="userNames" finished-at="2024-10-17T22:45:02Z" duration-ms="466" status="PASS">
          <params>
            <param index="0">
              <value>
                <![CDATA[Karan123]]>
              </value>
            </param>
          </params>
          <reporter-output>
          </reporter-output>
        </test-method> <!-- getUserNames -->
        <test-method signature="getUserNames(java.lang.String)[pri:2, instance:userModuleTestCases.CreateUser_DataDrivenTesting@294425a7]" started-at="2024-10-17T22:45:02Z" name="getUserNames" data-provider="userNames" finished-at="2024-10-17T22:45:02Z" duration-ms="412" status="PASS">
          <params>
            <param index="0">
              <value>
                <![CDATA[Sanjeev123]]>
              </value>
            </param>
          </params>
          <reporter-output>
          </reporter-output>
        </test-method> <!-- getUserNames -->
        <test-method signature="getUserNames(java.lang.String)[pri:2, instance:userModuleTestCases.CreateUser_DataDrivenTesting@294425a7]" started-at="2024-10-17T22:45:02Z" name="getUserNames" data-provider="userNames" finished-at="2024-10-17T22:45:03Z" duration-ms="450" status="PASS">
          <params>
            <param index="0">
              <value>
                <![CDATA[Sanju124]]>
              </value>
            </param>
          </params>
          <reporter-output>
          </reporter-output>
        </test-method> <!-- getUserNames -->
        <test-method signature="getUserNames(java.lang.String)[pri:2, instance:userModuleTestCases.CreateUser_DataDrivenTesting@294425a7]" started-at="2024-10-17T22:45:03Z" name="getUserNames" data-provider="userNames" finished-at="2024-10-17T22:45:03Z" duration-ms="454" status="PASS">
          <params>
            <param index="0">
              <value>
                <![CDATA[Sumit124]]>
              </value>
            </param>
          </params>
          <reporter-output>
          </reporter-output>
        </test-method> <!-- getUserNames -->
        <test-method signature="getUserNames(java.lang.String)[pri:2, instance:userModuleTestCases.CreateUser_DataDrivenTesting@294425a7]" started-at="2024-10-17T22:45:03Z" name="getUserNames" data-provider="userNames" finished-at="2024-10-17T22:45:04Z" duration-ms="428" status="PASS">
          <params>
            <param index="0">
              <value>
                <![CDATA[Upasana125]]>
              </value>
            </param>
          </params>
          <reporter-output>
          </reporter-output>
        </test-method> <!-- getUserNames -->
        <test-method signature="getUserNames(java.lang.String)[pri:2, instance:userModuleTestCases.CreateUser_DataDrivenTesting@294425a7]" started-at="2024-10-17T22:45:04Z" name="getUserNames" data-provider="userNames" finished-at="2024-10-17T22:45:04Z" duration-ms="476" status="PASS">
          <params>
            <param index="0">
              <value>
                <![CDATA[Vishal125]]>
              </value>
            </param>
          </params>
          <reporter-output>
          </reporter-output>
        </test-method> <!-- getUserNames -->
        <test-method signature="getUserNames(java.lang.String)[pri:2, instance:userModuleTestCases.CreateUser_DataDrivenTesting@294425a7]" started-at="2024-10-17T22:45:04Z" name="getUserNames" data-provider="userNames" finished-at="2024-10-17T22:45:05Z" duration-ms="430" status="PASS">
          <params>
            <param index="0">
              <value>
                <![CDATA[Surinder26]]>
              </value>
            </param>
          </params>
          <reporter-output>
          </reporter-output>
        </test-method> <!-- getUserNames -->
        <test-method signature="getUserNames(java.lang.String)[pri:2, instance:userModuleTestCases.CreateUser_DataDrivenTesting@294425a7]" started-at="2024-10-17T22:45:05Z" name="getUserNames" data-provider="userNames" finished-at="2024-10-17T22:45:05Z" duration-ms="457" status="PASS">
          <params>
            <param index="0">
              <value>
                <![CDATA[Pranoy126]]>
              </value>
            </param>
          </params>
          <reporter-output>
          </reporter-output>
        </test-method> <!-- getUserNames -->
        <test-method signature="deleteUsers(java.lang.String)[pri:3, instance:userModuleTestCases.CreateUser_DataDrivenTesting@294425a7]" started-at="2024-10-17T22:45:05Z" name="deleteUsers" data-provider="userNames" finished-at="2024-10-17T22:45:05Z" duration-ms="405" status="PASS">
          <params>
            <param index="0">
              <value>
                <![CDATA[john123]]>
              </value>
            </param>
          </params>
          <reporter-output>
          </reporter-output>
        </test-method> <!-- deleteUsers -->
        <test-method signature="deleteUsers(java.lang.String)[pri:3, instance:userModuleTestCases.CreateUser_DataDrivenTesting@294425a7]" started-at="2024-10-17T22:45:05Z" name="deleteUsers" data-provider="userNames" finished-at="2024-10-17T22:45:06Z" duration-ms="447" status="PASS">
          <params>
            <param index="0">
              <value>
                <![CDATA[Alice123]]>
              </value>
            </param>
          </params>
          <reporter-output>
          </reporter-output>
        </test-method> <!-- deleteUsers -->
        <test-method signature="deleteUsers(java.lang.String)[pri:3, instance:userModuleTestCases.CreateUser_DataDrivenTesting@294425a7]" started-at="2024-10-17T22:45:06Z" name="deleteUsers" data-provider="userNames" finished-at="2024-10-17T22:45:06Z" duration-ms="410" status="PASS">
          <params>
            <param index="0">
              <value>
                <![CDATA[Nikhil123]]>
              </value>
            </param>
          </params>
          <reporter-output>
          </reporter-output>
        </test-method> <!-- deleteUsers -->
        <test-method signature="deleteUsers(java.lang.String)[pri:3, instance:userModuleTestCases.CreateUser_DataDrivenTesting@294425a7]" started-at="2024-10-17T22:45:06Z" name="deleteUsers" data-provider="userNames" finished-at="2024-10-17T22:45:07Z" duration-ms="409" status="PASS">
          <params>
            <param index="0">
              <value>
                <![CDATA[Karan123]]>
              </value>
            </param>
          </params>
          <reporter-output>
          </reporter-output>
        </test-method> <!-- deleteUsers -->
        <test-method signature="deleteUsers(java.lang.String)[pri:3, instance:userModuleTestCases.CreateUser_DataDrivenTesting@294425a7]" started-at="2024-10-17T22:45:07Z" name="deleteUsers" data-provider="userNames" finished-at="2024-10-17T22:45:07Z" duration-ms="431" status="PASS">
          <params>
            <param index="0">
              <value>
                <![CDATA[Sanjeev123]]>
              </value>
            </param>
          </params>
          <reporter-output>
          </reporter-output>
        </test-method> <!-- deleteUsers -->
        <test-method signature="deleteUsers(java.lang.String)[pri:3, instance:userModuleTestCases.CreateUser_DataDrivenTesting@294425a7]" started-at="2024-10-17T22:45:07Z" name="deleteUsers" data-provider="userNames" finished-at="2024-10-17T22:45:08Z" duration-ms="427" status="PASS">
          <params>
            <param index="0">
              <value>
                <![CDATA[Sanju124]]>
              </value>
            </param>
          </params>
          <reporter-output>
          </reporter-output>
        </test-method> <!-- deleteUsers -->
        <test-method signature="deleteUsers(java.lang.String)[pri:3, instance:userModuleTestCases.CreateUser_DataDrivenTesting@294425a7]" started-at="2024-10-17T22:45:08Z" name="deleteUsers" data-provider="userNames" finished-at="2024-10-17T22:45:08Z" duration-ms="433" status="PASS">
          <params>
            <param index="0">
              <value>
                <![CDATA[Sumit124]]>
              </value>
            </param>
          </params>
          <reporter-output>
          </reporter-output>
        </test-method> <!-- deleteUsers -->
        <test-method signature="deleteUsers(java.lang.String)[pri:3, instance:userModuleTestCases.CreateUser_DataDrivenTesting@294425a7]" started-at="2024-10-17T22:45:08Z" name="deleteUsers" data-provider="userNames" finished-at="2024-10-17T22:45:08Z" duration-ms="391" status="PASS">
          <params>
            <param index="0">
              <value>
                <![CDATA[Upasana125]]>
              </value>
            </param>
          </params>
          <reporter-output>
          </reporter-output>
        </test-method> <!-- deleteUsers -->
        <test-method signature="deleteUsers(java.lang.String)[pri:3, instance:userModuleTestCases.CreateUser_DataDrivenTesting@294425a7]" started-at="2024-10-17T22:45:08Z" name="deleteUsers" data-provider="userNames" finished-at="2024-10-17T22:45:09Z" duration-ms="442" status="PASS">
          <params>
            <param index="0">
              <value>
                <![CDATA[Vishal125]]>
              </value>
            </param>
          </params>
          <reporter-output>
          </reporter-output>
        </test-method> <!-- deleteUsers -->
        <test-method signature="deleteUsers(java.lang.String)[pri:3, instance:userModuleTestCases.CreateUser_DataDrivenTesting@294425a7]" started-at="2024-10-17T22:45:09Z" name="deleteUsers" data-provider="userNames" finished-at="2024-10-17T22:45:09Z" duration-ms="404" status="PASS">
          <params>
            <param index="0">
              <value>
                <![CDATA[Surinder26]]>
              </value>
            </param>
          </params>
          <reporter-output>
          </reporter-output>
        </test-method> <!-- deleteUsers -->
        <test-method signature="deleteUsers(java.lang.String)[pri:3, instance:userModuleTestCases.CreateUser_DataDrivenTesting@294425a7]" started-at="2024-10-17T22:45:09Z" name="deleteUsers" data-provider="userNames" finished-at="2024-10-17T22:45:10Z" duration-ms="428" status="PASS">
          <params>
            <param index="0">
              <value>
                <![CDATA[Pranoy126]]>
              </value>
            </param>
          </params>
          <reporter-output>
          </reporter-output>
        </test-method> <!-- deleteUsers -->
      </class> <!-- userModuleTestCases.CreateUser_DataDrivenTesting -->
    </test> <!-- RestAssuredAutomationFramework -->
  </suite> <!-- Default Suite -->
</testng-results>
