<?xml version="1.0" encoding="UTF-8"?>
<testng-results ignored="0" total="33" passed="33" failed="0" skipped="0">
  <reporter-output>
  </reporter-output>
  <suite started-at="2024-10-23T18:39:31Z" name="Default Suite" finished-at="2024-10-23T18:39:49Z" duration-ms="17973">
    <groups>
    </groups>
    <test started-at="2024-10-23T18:39:31Z" name="RestAssuredAutomationFramework" finished-at="2024-10-23T18:39:49Z" duration-ms="17973">
      <class name="userModuleTestCases.Create_Delete_Users_DataDrivenTest">
        <test-method signature="createUserdata(java.lang.String, java.lang.String, java.lang.String, java.lang.String, java.lang.String, java.lang.String, java.lang.String)[pri:1, instance:userModuleTestCases.Create_Delete_Users_DataDrivenTest@5876a9af]" started-at="2024-10-23T18:39:31Z" name="createUserdata" data-provider="userData" finished-at="2024-10-23T18:39:34Z" duration-ms="2105" status="PASS">
          <params>
            <param index="0">
              <value>
                <![CDATA[201.0]]>
              </value>
            </param>
            <param index="1">
              <value>
                <![CDATA[john123]]>
              </value>
            </param>
            <param index="2">
              <value>
                <![CDATA[john]]>
              </value>
            </param>
            <param index="3">
              <value>
                <![CDATA[Sharma]]>
              </value>
            </param>
            <param index="4">
              <value>
                <![CDATA[john@Testing.com]]>
              </value>
            </param>
            <param index="5">
              <value>
                <![CDATA[123456.0]]>
              </value>
            </param>
            <param index="6">
              <value>
                <![CDATA[2.598985898E9]]>
              </value>
            </param>
          </params>
          <reporter-output>
          </reporter-output>
        </test-method> <!-- createUserdata -->
        <test-method signature="createUserdata(java.lang.String, java.lang.String, java.lang.String, java.lang.String, java.lang.String, java.lang.String, java.lang.String)[pri:1, instance:userModuleTestCases.Create_Delete_Users_DataDrivenTest@5876a9af]" started-at="2024-10-23T18:39:34Z" name="createUserdata" data-provider="userData" finished-at="2024-10-23T18:39:34Z" duration-ms="440" status="PASS">
          <params>
            <param index="0">
              <value>
                <![CDATA[202.0]]>
              </value>
            </param>
            <param index="1">
              <value>
                <![CDATA[Alice123]]>
              </value>
            </param>
            <param index="2">
              <value>
                <![CDATA[Alice]]>
              </value>
            </param>
            <param index="3">
              <value>
                <![CDATA[Mahajan]]>
              </value>
            </param>
            <param index="4">
              <value>
                <![CDATA[Alice@Testing.com]]>
              </value>
            </param>
            <param index="5">
              <value>
                <![CDATA[123456.0]]>
              </value>
            </param>
            <param index="6">
              <value>
                <![CDATA[2.561458978E9]]>
              </value>
            </param>
          </params>
          <reporter-output>
          </reporter-output>
        </test-method> <!-- createUserdata -->
        <test-method signature="createUserdata(java.lang.String, java.lang.String, java.lang.String, java.lang.String, java.lang.String, java.lang.String, java.lang.String)[pri:1, instance:userModuleTestCases.Create_Delete_Users_DataDrivenTest@5876a9af]" started-at="2024-10-23T18:39:34Z" name="createUserdata" data-provider="userData" finished-at="2024-10-23T18:39:34Z" duration-ms="462" status="PASS">
          <params>
            <param index="0">
              <value>
                <![CDATA[203.0]]>
              </value>
            </param>
            <param index="1">
              <value>
                <![CDATA[Nikhil123]]>
              </value>
            </param>
            <param index="2">
              <value>
                <![CDATA[Nikhil]]>
              </value>
            </param>
            <param index="3">
              <value>
                <![CDATA[Malik]]>
              </value>
            </param>
            <param index="4">
              <value>
                <![CDATA[Nikhil@Testing.com]]>
              </value>
            </param>
            <param index="5">
              <value>
                <![CDATA[123456.0]]>
              </value>
            </param>
            <param index="6">
              <value>
                <![CDATA[2.591235698E9]]>
              </value>
            </param>
          </params>
          <reporter-output>
          </reporter-output>
        </test-method> <!-- createUserdata -->
        <test-method signature="createUserdata(java.lang.String, java.lang.String, java.lang.String, java.lang.String, java.lang.String, java.lang.String, java.lang.String)[pri:1, instance:userModuleTestCases.Create_Delete_Users_DataDrivenTest@5876a9af]" started-at="2024-10-23T18:39:34Z" name="createUserdata" data-provider="userData" finished-at="2024-10-23T18:39:35Z" duration-ms="507" status="PASS">
          <params>
            <param index="0">
              <value>
                <![CDATA[204.0]]>
              </value>
            </param>
            <param index="1">
              <value>
                <![CDATA[Karan123]]>
              </value>
            </param>
            <param index="2">
              <value>
                <![CDATA[Karan]]>
              </value>
            </param>
            <param index="3">
              <value>
                <![CDATA[Ahuja]]>
              </value>
            </param>
            <param index="4">
              <value>
                <![CDATA[Karan@Testing.com]]>
              </value>
            </param>
            <param index="5">
              <value>
                <![CDATA[123456.0]]>
              </value>
            </param>
            <param index="6">
              <value>
                <![CDATA[2.598987458E9]]>
              </value>
            </param>
          </params>
          <reporter-output>
          </reporter-output>
        </test-method> <!-- createUserdata -->
        <test-method signature="createUserdata(java.lang.String, java.lang.String, java.lang.String, java.lang.String, java.lang.String, java.lang.String, java.lang.String)[pri:1, instance:userModuleTestCases.Create_Delete_Users_DataDrivenTest@5876a9af]" started-at="2024-10-23T18:39:35Z" name="createUserdata" data-provider="userData" finished-at="2024-10-23T18:39:35Z" duration-ms="486" status="PASS">
          <params>
            <param index="0">
              <value>
                <![CDATA[205.0]]>
              </value>
            </param>
            <param index="1">
              <value>
                <![CDATA[Sanjeev123]]>
              </value>
            </param>
            <param index="2">
              <value>
                <![CDATA[Sanjeev]]>
              </value>
            </param>
            <param index="3">
              <value>
                <![CDATA[Sanjeev]]>
              </value>
            </param>
            <param index="4">
              <value>
                <![CDATA[Sanjeev@Testing.com]]>
              </value>
            </param>
            <param index="5">
              <value>
                <![CDATA[123456.0]]>
              </value>
            </param>
            <param index="6">
              <value>
                <![CDATA[2.361459874E9]]>
              </value>
            </param>
          </params>
          <reporter-output>
          </reporter-output>
        </test-method> <!-- createUserdata -->
        <test-method signature="createUserdata(java.lang.String, java.lang.String, java.lang.String, java.lang.String, java.lang.String, java.lang.String, java.lang.String)[pri:1, instance:userModuleTestCases.Create_Delete_Users_DataDrivenTest@5876a9af]" started-at="2024-10-23T18:39:35Z" name="createUserdata" data-provider="userData" finished-at="2024-10-23T18:39:36Z" duration-ms="486" status="PASS">
          <params>
            <param index="0">
              <value>
                <![CDATA[206.0]]>
              </value>
            </param>
            <param index="1">
              <value>
                <![CDATA[Sanju124]]>
              </value>
            </param>
            <param index="2">
              <value>
                <![CDATA[Sanju]]>
              </value>
            </param>
            <param index="3">
              <value>
                <![CDATA[Goel]]>
              </value>
            </param>
            <param index="4">
              <value>
                <![CDATA[Goel@Testing.com]]>
              </value>
            </param>
            <param index="5">
              <value>
                <![CDATA[123456.0]]>
              </value>
            </param>
            <param index="6">
              <value>
                <![CDATA[2.565654589E9]]>
              </value>
            </param>
          </params>
          <reporter-output>
          </reporter-output>
        </test-method> <!-- createUserdata -->
        <test-method signature="createUserdata(java.lang.String, java.lang.String, java.lang.String, java.lang.String, java.lang.String, java.lang.String, java.lang.String)[pri:1, instance:userModuleTestCases.Create_Delete_Users_DataDrivenTest@5876a9af]" started-at="2024-10-23T18:39:36Z" name="createUserdata" data-provider="userData" finished-at="2024-10-23T18:39:36Z" duration-ms="498" status="PASS">
          <params>
            <param index="0">
              <value>
                <![CDATA[207.0]]>
              </value>
            </param>
            <param index="1">
              <value>
                <![CDATA[Sumit124]]>
              </value>
            </param>
            <param index="2">
              <value>
                <![CDATA[Sumit]]>
              </value>
            </param>
            <param index="3">
              <value>
                <![CDATA[Chug]]>
              </value>
            </param>
            <param index="4">
              <value>
                <![CDATA[Chug@Testing.com]]>
              </value>
            </param>
            <param index="5">
              <value>
                <![CDATA[123456.0]]>
              </value>
            </param>
            <param index="6">
              <value>
                <![CDATA[2.564571236E9]]>
              </value>
            </param>
          </params>
          <reporter-output>
          </reporter-output>
        </test-method> <!-- createUserdata -->
        <test-method signature="createUserdata(java.lang.String, java.lang.String, java.lang.String, java.lang.String, java.lang.String, java.lang.String, java.lang.String)[pri:1, instance:userModuleTestCases.Create_Delete_Users_DataDrivenTest@5876a9af]" started-at="2024-10-23T18:39:36Z" name="createUserdata" data-provider="userData" finished-at="2024-10-23T18:39:37Z" duration-ms="485" status="PASS">
          <params>
            <param index="0">
              <value>
                <![CDATA[208.0]]>
              </value>
            </param>
            <param index="1">
              <value>
                <![CDATA[Upasana125]]>
              </value>
            </param>
            <param index="2">
              <value>
                <![CDATA[Upasana]]>
              </value>
            </param>
            <param index="3">
              <value>
                <![CDATA[Chopra]]>
              </value>
            </param>
            <param index="4">
              <value>
                <![CDATA[Chopra@Testing.com]]>
              </value>
            </param>
            <param index="5">
              <value>
                <![CDATA[123456.0]]>
              </value>
            </param>
            <param index="6">
              <value>
                <![CDATA[1.234567895E9]]>
              </value>
            </param>
          </params>
          <reporter-output>
          </reporter-output>
        </test-method> <!-- createUserdata -->
        <test-method signature="createUserdata(java.lang.String, java.lang.String, java.lang.String, java.lang.String, java.lang.String, java.lang.String, java.lang.String)[pri:1, instance:userModuleTestCases.Create_Delete_Users_DataDrivenTest@5876a9af]" started-at="2024-10-23T18:39:37Z" name="createUserdata" data-provider="userData" finished-at="2024-10-23T18:39:37Z" duration-ms="459" status="PASS">
          <params>
            <param index="0">
              <value>
                <![CDATA[209.0]]>
              </value>
            </param>
            <param index="1">
              <value>
                <![CDATA[Vishal125]]>
              </value>
            </param>
            <param index="2">
              <value>
                <![CDATA[Vishal]]>
              </value>
            </param>
            <param index="3">
              <value>
                <![CDATA[Malik]]>
              </value>
            </param>
            <param index="4">
              <value>
                <![CDATA[Malik@Testing.com]]>
              </value>
            </param>
            <param index="5">
              <value>
                <![CDATA[123456.0]]>
              </value>
            </param>
            <param index="6">
              <value>
                <![CDATA[3.216549874E9]]>
              </value>
            </param>
          </params>
          <reporter-output>
          </reporter-output>
        </test-method> <!-- createUserdata -->
        <test-method signature="createUserdata(java.lang.String, java.lang.String, java.lang.String, java.lang.String, java.lang.String, java.lang.String, java.lang.String)[pri:1, instance:userModuleTestCases.Create_Delete_Users_DataDrivenTest@5876a9af]" started-at="2024-10-23T18:39:37Z" name="createUserdata" data-provider="userData" finished-at="2024-10-23T18:39:38Z" duration-ms="476" status="PASS">
          <params>
            <param index="0">
              <value>
                <![CDATA[210.0]]>
              </value>
            </param>
            <param index="1">
              <value>
                <![CDATA[Surinder26]]>
              </value>
            </param>
            <param index="2">
              <value>
                <![CDATA[Surinder]]>
              </value>
            </param>
            <param index="3">
              <value>
                <![CDATA[Bhatnagar]]>
              </value>
            </param>
            <param index="4">
              <value>
                <![CDATA[Bhatnagar@Testing.com]]>
              </value>
            </param>
            <param index="5">
              <value>
                <![CDATA[123456.0]]>
              </value>
            </param>
            <param index="6">
              <value>
                <![CDATA[1.593577412E9]]>
              </value>
            </param>
          </params>
          <reporter-output>
          </reporter-output>
        </test-method> <!-- createUserdata -->
        <test-method signature="createUserdata(java.lang.String, java.lang.String, java.lang.String, java.lang.String, java.lang.String, java.lang.String, java.lang.String)[pri:1, instance:userModuleTestCases.Create_Delete_Users_DataDrivenTest@5876a9af]" started-at="2024-10-23T18:39:38Z" name="createUserdata" data-provider="userData" finished-at="2024-10-23T18:39:38Z" duration-ms="486" status="PASS">
          <params>
            <param index="0">
              <value>
                <![CDATA[211.0]]>
              </value>
            </param>
            <param index="1">
              <value>
                <![CDATA[Pranoy126]]>
              </value>
            </param>
            <param index="2">
              <value>
                <![CDATA[Pranoy]]>
              </value>
            </param>
            <param index="3">
              <value>
                <![CDATA[Ganguli]]>
              </value>
            </param>
            <param index="4">
              <value>
                <![CDATA[Ganguli@Testing.com]]>
              </value>
            </param>
            <param index="5">
              <value>
                <![CDATA[123456.0]]>
              </value>
            </param>
            <param index="6">
              <value>
                <![CDATA[3.693587531E9]]>
              </value>
            </param>
          </params>
          <reporter-output>
          </reporter-output>
        </test-method> <!-- createUserdata -->
        <test-method signature="getUserNames(java.lang.String)[pri:2, instance:userModuleTestCases.Create_Delete_Users_DataDrivenTest@5876a9af]" started-at="2024-10-23T18:39:38Z" name="getUserNames" data-provider="userNames" finished-at="2024-10-23T18:39:39Z" duration-ms="533" status="PASS">
          <params>
            <param index="0">
              <value>
                <![CDATA[john123]]>
              </value>
            </param>
          </params>
          <reporter-output>
          </reporter-output>
        </test-method> <!-- getUserNames -->
        <test-method signature="getUserNames(java.lang.String)[pri:2, instance:userModuleTestCases.Create_Delete_Users_DataDrivenTest@5876a9af]" started-at="2024-10-23T18:39:39Z" name="getUserNames" data-provider="userNames" finished-at="2024-10-23T18:39:39Z" duration-ms="514" status="PASS">
          <params>
            <param index="0">
              <value>
                <![CDATA[Alice123]]>
              </value>
            </param>
          </params>
          <reporter-output>
          </reporter-output>
        </test-method> <!-- getUserNames -->
        <test-method signature="getUserNames(java.lang.String)[pri:2, instance:userModuleTestCases.Create_Delete_Users_DataDrivenTest@5876a9af]" started-at="2024-10-23T18:39:39Z" name="getUserNames" data-provider="userNames" finished-at="2024-10-23T18:39:40Z" duration-ms="417" status="PASS">
          <params>
            <param index="0">
              <value>
                <![CDATA[Nikhil123]]>
              </value>
            </param>
          </params>
          <reporter-output>
          </reporter-output>
        </test-method> <!-- getUserNames -->
        <test-method signature="getUserNames(java.lang.String)[pri:2, instance:userModuleTestCases.Create_Delete_Users_DataDrivenTest@5876a9af]" started-at="2024-10-23T18:39:40Z" name="getUserNames" data-provider="userNames" finished-at="2024-10-23T18:39:40Z" duration-ms="431" status="PASS">
          <params>
            <param index="0">
              <value>
                <![CDATA[Karan123]]>
              </value>
            </param>
          </params>
          <reporter-output>
          </reporter-output>
        </test-method> <!-- getUserNames -->
        <test-method signature="getUserNames(java.lang.String)[pri:2, instance:userModuleTestCases.Create_Delete_Users_DataDrivenTest@5876a9af]" started-at="2024-10-23T18:39:40Z" name="getUserNames" data-provider="userNames" finished-at="2024-10-23T18:39:41Z" duration-ms="544" status="PASS">
          <params>
            <param index="0">
              <value>
                <![CDATA[Sanjeev123]]>
              </value>
            </param>
          </params>
          <reporter-output>
          </reporter-output>
        </test-method> <!-- getUserNames -->
        <test-method signature="getUserNames(java.lang.String)[pri:2, instance:userModuleTestCases.Create_Delete_Users_DataDrivenTest@5876a9af]" started-at="2024-10-23T18:39:41Z" name="getUserNames" data-provider="userNames" finished-at="2024-10-23T18:39:41Z" duration-ms="466" status="PASS">
          <params>
            <param index="0">
              <value>
                <![CDATA[Sanju124]]>
              </value>
            </param>
          </params>
          <reporter-output>
          </reporter-output>
        </test-method> <!-- getUserNames -->
        <test-method signature="getUserNames(java.lang.String)[pri:2, instance:userModuleTestCases.Create_Delete_Users_DataDrivenTest@5876a9af]" started-at="2024-10-23T18:39:41Z" name="getUserNames" data-provider="userNames" finished-at="2024-10-23T18:39:42Z" duration-ms="479" status="PASS">
          <params>
            <param index="0">
              <value>
                <![CDATA[Sumit124]]>
              </value>
            </param>
          </params>
          <reporter-output>
          </reporter-output>
        </test-method> <!-- getUserNames -->
        <test-method signature="getUserNames(java.lang.String)[pri:2, instance:userModuleTestCases.Create_Delete_Users_DataDrivenTest@5876a9af]" started-at="2024-10-23T18:39:42Z" name="getUserNames" data-provider="userNames" finished-at="2024-10-23T18:39:42Z" duration-ms="447" status="PASS">
          <params>
            <param index="0">
              <value>
                <![CDATA[Upasana125]]>
              </value>
            </param>
          </params>
          <reporter-output>
          </reporter-output>
        </test-method> <!-- getUserNames -->
        <test-method signature="getUserNames(java.lang.String)[pri:2, instance:userModuleTestCases.Create_Delete_Users_DataDrivenTest@5876a9af]" started-at="2024-10-23T18:39:42Z" name="getUserNames" data-provider="userNames" finished-at="2024-10-23T18:39:43Z" duration-ms="479" status="PASS">
          <params>
            <param index="0">
              <value>
                <![CDATA[Vishal125]]>
              </value>
            </param>
          </params>
          <reporter-output>
          </reporter-output>
        </test-method> <!-- getUserNames -->
        <test-method signature="getUserNames(java.lang.String)[pri:2, instance:userModuleTestCases.Create_Delete_Users_DataDrivenTest@5876a9af]" started-at="2024-10-23T18:39:43Z" name="getUserNames" data-provider="userNames" finished-at="2024-10-23T18:39:43Z" duration-ms="481" status="PASS">
          <params>
            <param index="0">
              <value>
                <![CDATA[Surinder26]]>
              </value>
            </param>
          </params>
          <reporter-output>
          </reporter-output>
        </test-method> <!-- getUserNames -->
        <test-method signature="getUserNames(java.lang.String)[pri:2, instance:userModuleTestCases.Create_Delete_Users_DataDrivenTest@5876a9af]" started-at="2024-10-23T18:39:43Z" name="getUserNames" data-provider="userNames" finished-at="2024-10-23T18:39:44Z" duration-ms="476" status="PASS">
          <params>
            <param index="0">
              <value>
                <![CDATA[Pranoy126]]>
              </value>
            </param>
          </params>
          <reporter-output>
          </reporter-output>
        </test-method> <!-- getUserNames -->
        <test-method signature="deleteUsers(java.lang.String)[pri:3, instance:userModuleTestCases.Create_Delete_Users_DataDrivenTest@5876a9af]" started-at="2024-10-23T18:39:44Z" name="deleteUsers" data-provider="userNames" finished-at="2024-10-23T18:39:44Z" duration-ms="439" status="PASS">
          <params>
            <param index="0">
              <value>
                <![CDATA[john123]]>
              </value>
            </param>
          </params>
          <reporter-output>
          </reporter-output>
        </test-method> <!-- deleteUsers -->
        <test-method signature="deleteUsers(java.lang.String)[pri:3, instance:userModuleTestCases.Create_Delete_Users_DataDrivenTest@5876a9af]" started-at="2024-10-23T18:39:44Z" name="deleteUsers" data-provider="userNames" finished-at="2024-10-23T18:39:45Z" duration-ms="473" status="PASS">
          <params>
            <param index="0">
              <value>
                <![CDATA[Alice123]]>
              </value>
            </param>
          </params>
          <reporter-output>
          </reporter-output>
        </test-method> <!-- deleteUsers -->
        <test-method signature="deleteUsers(java.lang.String)[pri:3, instance:userModuleTestCases.Create_Delete_Users_DataDrivenTest@5876a9af]" started-at="2024-10-23T18:39:45Z" name="deleteUsers" data-provider="userNames" finished-at="2024-10-23T18:39:45Z" duration-ms="419" status="PASS">
          <params>
            <param index="0">
              <value>
                <![CDATA[Nikhil123]]>
              </value>
            </param>
          </params>
          <reporter-output>
          </reporter-output>
        </test-method> <!-- deleteUsers -->
        <test-method signature="deleteUsers(java.lang.String)[pri:3, instance:userModuleTestCases.Create_Delete_Users_DataDrivenTest@5876a9af]" started-at="2024-10-23T18:39:45Z" name="deleteUsers" data-provider="userNames" finished-at="2024-10-23T18:39:46Z" duration-ms="453" status="PASS">
          <params>
            <param index="0">
              <value>
                <![CDATA[Karan123]]>
              </value>
            </param>
          </params>
          <reporter-output>
          </reporter-output>
        </test-method> <!-- deleteUsers -->
        <test-method signature="deleteUsers(java.lang.String)[pri:3, instance:userModuleTestCases.Create_Delete_Users_DataDrivenTest@5876a9af]" started-at="2024-10-23T18:39:46Z" name="deleteUsers" data-provider="userNames" finished-at="2024-10-23T18:39:46Z" duration-ms="495" status="PASS">
          <params>
            <param index="0">
              <value>
                <![CDATA[Sanjeev123]]>
              </value>
            </param>
          </params>
          <reporter-output>
          </reporter-output>
        </test-method> <!-- deleteUsers -->
        <test-method signature="deleteUsers(java.lang.String)[pri:3, instance:userModuleTestCases.Create_Delete_Users_DataDrivenTest@5876a9af]" started-at="2024-10-23T18:39:46Z" name="deleteUsers" data-provider="userNames" finished-at="2024-10-23T18:39:46Z" duration-ms="453" status="PASS">
          <params>
            <param index="0">
              <value>
                <![CDATA[Sanju124]]>
              </value>
            </param>
          </params>
          <reporter-output>
          </reporter-output>
        </test-method> <!-- deleteUsers -->
        <test-method signature="deleteUsers(java.lang.String)[pri:3, instance:userModuleTestCases.Create_Delete_Users_DataDrivenTest@5876a9af]" started-at="2024-10-23T18:39:46Z" name="deleteUsers" data-provider="userNames" finished-at="2024-10-23T18:39:47Z" duration-ms="452" status="PASS">
          <params>
            <param index="0">
              <value>
                <![CDATA[Sumit124]]>
              </value>
            </param>
          </params>
          <reporter-output>
          </reporter-output>
        </test-method> <!-- deleteUsers -->
        <test-method signature="deleteUsers(java.lang.String)[pri:3, instance:userModuleTestCases.Create_Delete_Users_DataDrivenTest@5876a9af]" started-at="2024-10-23T18:39:47Z" name="deleteUsers" data-provider="userNames" finished-at="2024-10-23T18:39:47Z" duration-ms="461" status="PASS">
          <params>
            <param index="0">
              <value>
                <![CDATA[Upasana125]]>
              </value>
            </param>
          </params>
          <reporter-output>
          </reporter-output>
        </test-method> <!-- deleteUsers -->
        <test-method signature="deleteUsers(java.lang.String)[pri:3, instance:userModuleTestCases.Create_Delete_Users_DataDrivenTest@5876a9af]" started-at="2024-10-23T18:39:47Z" name="deleteUsers" data-provider="userNames" finished-at="2024-10-23T18:39:48Z" duration-ms="446" status="PASS">
          <params>
            <param index="0">
              <value>
                <![CDATA[Vishal125]]>
              </value>
            </param>
          </params>
          <reporter-output>
          </reporter-output>
        </test-method> <!-- deleteUsers -->
        <test-method signature="deleteUsers(java.lang.String)[pri:3, instance:userModuleTestCases.Create_Delete_Users_DataDrivenTest@5876a9af]" started-at="2024-10-23T18:39:48Z" name="deleteUsers" data-provider="userNames" finished-at="2024-10-23T18:39:48Z" duration-ms="412" status="PASS">
          <params>
            <param index="0">
              <value>
                <![CDATA[Surinder26]]>
              </value>
            </param>
          </params>
          <reporter-output>
          </reporter-output>
        </test-method> <!-- deleteUsers -->
        <test-method signature="deleteUsers(java.lang.String)[pri:3, instance:userModuleTestCases.Create_Delete_Users_DataDrivenTest@5876a9af]" started-at="2024-10-23T18:39:48Z" name="deleteUsers" data-provider="userNames" finished-at="2024-10-23T18:39:49Z" duration-ms="456" status="PASS">
          <params>
            <param index="0">
              <value>
                <![CDATA[Pranoy126]]>
              </value>
            </param>
          </params>
          <reporter-output>
          </reporter-output>
        </test-method> <!-- deleteUsers -->
      </class> <!-- userModuleTestCases.Create_Delete_Users_DataDrivenTest -->
    </test> <!-- RestAssuredAutomationFramework -->
  </suite> <!-- Default Suite -->
</testng-results>
